======================================================================
   CSIGMA PLATINUM - RELATORIO TECNICO DE COMPILACAO
   Data: 15/01/2026 10:02:24 | Fonte: exemplos/calculadora.sig
======================================================================

[FASE 1] ANALISE LEXICA (Scanner):
----------------------------------------------------------------------
  Token: [PRINT       ] | Literal: "print"
  Token: [STRING      ] | Literal: "Calculadora"
  Token: [PRINT       ] | Literal: "print"
  Token: [STRING      ] | Literal: "Conta mista: (a + b) * 2 / C"
  Token: [VAR         ] | Literal: "var"
  Token: [IDENT       ] | Literal: "a"
  Token: [=           ] | Literal: "="
  Token: [INT         ] | Literal: "0"
  Token: [VAR         ] | Literal: "var"
  Token: [IDENT       ] | Literal: "b"
  Token: [=           ] | Literal: "="
  Token: [INT         ] | Literal: "0"
  Token: [VAR         ] | Literal: "var"
  Token: [IDENT       ] | Literal: "c"
  Token: [=           ] | Literal: "="
  Token: [INT         ] | Literal: "0"
  Token: [VAR         ] | Literal: "var"
  Token: [IDENT       ] | Literal: "res"
  Token: [=           ] | Literal: "="
  Token: [INT         ] | Literal: "0"
  Token: [PRINT       ] | Literal: "print"
  Token: [STRING      ] | Literal: "Valor de a:"
  Token: [INPUT       ] | Literal: "input"
  Token: [IDENT       ] | Literal: "a"
  Token: [PRINT       ] | Literal: "print"
  Token: [STRING      ] | Literal: "Valor de b:"
  Token: [INPUT       ] | Literal: "input"
  Token: [IDENT       ] | Literal: "b"
  Token: [PRINT       ] | Literal: "print"
  Token: [STRING      ] | Literal: "Valor de c:"
  Token: [INPUT       ] | Literal: "input"
  Token: [IDENT       ] | Literal: "c"
  Token: [IDENT       ] | Literal: "res"
  Token: [=           ] | Literal: "="
  Token: [IDENT       ] | Literal: "a"
  Token: [+           ] | Literal: "+"
  Token: [IDENT       ] | Literal: "b"
  Token: [*           ] | Literal: "*"
  Token: [INT         ] | Literal: "2"
  Token: [/           ] | Literal: "/"
  Token: [IDENT       ] | Literal: "c"
  Token: [PRINT       ] | Literal: "print"
  Token: [STRING      ] | Literal: "Resultado final:"
  Token: [PRINT       ] | Literal: "print"
  Token: [IDENT       ] | Literal: "res"
  Token: [EOF         ] | Literal: ""

[FASE 2] ANALISE SINTATICA (Dump da AST):
----------------------------------------------------------------------
  [00] PRINT:       "Calculadora" (String: true)
  [01] PRINT:       "Conta mista: (a + b) * 2 / C" (String: true)
  [02] DECLARACAO:  Var a = 0
  [03] DECLARACAO:  Var b = 0
  [04] DECLARACAO:  Var c = 0
  [05] DECLARACAO:  Var res = 0
  [06] PRINT:       "Valor de a:" (String: true)
  [07] INPUT:       Ler para variavel a
  [08] PRINT:       "Valor de b:" (String: true)
  [09] INPUT:       Ler para variavel b
  [10] PRINT:       "Valor de c:" (String: true)
  [11] INPUT:       Ler para variavel c
  [12] CALCULO:     res = a + b * 2 / c
  [13] PRINT:       "Resultado final:" (String: true)
  [14] PRINT:       "res" (String: false)

[FASE 3] GERACAO DE CODIGO (Assembly x86_64):
----------------------------------------------------------------------
  > [OK] Arquivo 'output.asm' gerado.

[FASE 4] MONTAGEM E LINKAGEM (NASM & GCC):
----------------------------------------------------------------------
  > Executando NASM... OK.
  > Executando GCC...  OK.

======================================================================
   COMPILACAO FINALIZADA: ./calculadora
======================================================================

